<?xml version="1.0" encoding="UTF-8"?>
<!-- Generated by org.testng.reporters.JUnitReportReporter -->
<testsuite hostname="User" failures="0" tests="1" name="Main.Test1" time="0.012" errors="0" timestamp="2022-04-05T10:07:37 SGT" skipped="0">
  <testcase classname="Main.Test1" name="test" time="0.012"/>
  <system-out/>
</testsuite> <!-- Main.Test1 -->
