<?xml version="1.0" encoding="UTF-8"?>
<!-- Generated by org.testng.reporters.JUnitReportReporter -->
<testsuite hostname="User" failures="0" tests="1" name="Main.Login" time="8.171" errors="0" timestamp="2022-04-05T12:55:42 SGT" skipped="0">
  <testcase classname="Main.Login" name="loginTest01" time="8.171"/>
  <system-out/>
</testsuite> <!-- Main.Login -->
